<?xml version="1.0" encoding="UTF-8"?>
<robot generator="Robot 3.1 (Python 3.8.1 on win32)" generated="20200821 16:30:47.197" rpa="false">
<suite id="s1" name="RobotProject1" source="C:\Users\jose.cardenas\eclipse-workspace\RobotProject1">
<suite id="s1-s1" name="Test" source="C:\Users\jose.cardenas\eclipse-workspace\RobotProject1\test">
<suite id="s1-s1-s1" name="Amazon Example 2" source="C:\Users\jose.cardenas\eclipse-workspace\RobotProject1\test\Amazon_Example_2.robot">
<test id="s1-s1-s1-t1" name="Open browser and maximize">
<kw name="Open Browser" library="SeleniumLibrary">
<doc>Opens a new browser instance to the given ``url``.</doc>
<arguments>
<arg>url=https://www.amazon.com.mx/</arg>
<arg>browser=chrome</arg>
</arguments>
<msg timestamp="20200821 16:30:47.498" level="INFO">Opening browser 'chrome' to base url 'https://www.amazon.com.mx/'.</msg>
<status status="PASS" starttime="20200821 16:30:47.498" endtime="20200821 16:30:52.966"></status>
</kw>
<kw name="Maximize Browser Window" library="SeleniumLibrary">
<doc>Maximizes current browser window.</doc>
<status status="PASS" starttime="20200821 16:30:52.967" endtime="20200821 16:30:55.402"></status>
</kw>
<status status="PASS" starttime="20200821 16:30:47.497" endtime="20200821 16:30:55.402" critical="yes"></status>
</test>
<test id="s1-s1-s1-t2" name="Type Iphone 11, click search button and wait until button page 2 is present">
<kw name="Input Text" library="SeleniumLibrary">
<doc>Types the given ``text`` into text field identified by ``locator``.</doc>
<arguments>
<arg>id=twotabsearchtextbox</arg>
<arg>Iphone 11</arg>
</arguments>
<msg timestamp="20200821 16:30:55.412" level="INFO">Typing text 'Iphone 11' into text field 'id=twotabsearchtextbox'.</msg>
<status status="PASS" starttime="20200821 16:30:55.406" endtime="20200821 16:30:55.669"></status>
</kw>
<kw name="Click Button" library="SeleniumLibrary">
<doc>Clicks button identified by ``locator``.</doc>
<arguments>
<arg>xpath=//div[@class='nav-search-submit nav-sprite']//input[@class='nav-input']</arg>
</arguments>
<msg timestamp="20200821 16:30:55.671" level="INFO">Clicking button 'xpath=//div[@class='nav-search-submit nav-sprite']//input[@class='nav-input']'.</msg>
<status status="PASS" starttime="20200821 16:30:55.670" endtime="20200821 16:30:57.666"></status>
</kw>
<kw name="Wait Until Element Is Visible" library="SeleniumLibrary">
<doc>Waits until element ``locator`` is visible.</doc>
<arguments>
<arg>xpath=//li[@class='a-normal']//a[contains(text(),'2')]</arg>
</arguments>
<status status="PASS" starttime="20200821 16:30:57.666" endtime="20200821 16:30:57.716"></status>
</kw>
<status status="PASS" starttime="20200821 16:30:55.404" endtime="20200821 16:30:57.716" critical="yes"></status>
</test>
<test id="s1-s1-s1-t3" name="Click on the button page 2">
<kw name="Click Link" library="SeleniumLibrary">
<doc>Clicks a link identified by ``locator``.</doc>
<arguments>
<arg>xpath=//li[@class='a-normal']//a[contains(text(),'2')]</arg>
</arguments>
<msg timestamp="20200821 16:30:57.718" level="INFO">Clicking link 'xpath=//li[@class='a-normal']//a[contains(text(),'2')]'.</msg>
<status status="PASS" starttime="20200821 16:30:57.717" endtime="20200821 16:30:58.032"></status>
</kw>
<kw name="Wait Until Element Is Visible" library="SeleniumLibrary">
<doc>Waits until element ``locator`` is visible.</doc>
<arguments>
<arg>xpath=//li[@class='a-normal']//a[contains(text(),'3')]</arg>
</arguments>
<status status="PASS" starttime="20200821 16:30:58.032" endtime="20200821 16:30:58.745"></status>
</kw>
<status status="PASS" starttime="20200821 16:30:57.717" endtime="20200821 16:30:58.746" critical="yes"></status>
</test>
<test id="s1-s1-s1-t4" name="Close the browser">
<kw name="Close Browser" library="SeleniumLibrary">
<doc>Closes the current browser.</doc>
<status status="PASS" starttime="20200821 16:30:58.748" endtime="20200821 16:31:01.141"></status>
</kw>
<kw name="Log" library="BuiltIn">
<doc>Logs the given message with the given level.</doc>
<arguments>
<arg>Success!</arg>
</arguments>
<msg timestamp="20200821 16:31:01.142" level="INFO">Success!</msg>
<status status="PASS" starttime="20200821 16:31:01.141" endtime="20200821 16:31:01.142"></status>
</kw>
<status status="PASS" starttime="20200821 16:30:58.747" endtime="20200821 16:31:01.142" critical="yes"></status>
</test>
<status status="PASS" starttime="20200821 16:30:47.290" endtime="20200821 16:31:01.143"></status>
</suite>
<status status="PASS" starttime="20200821 16:30:47.286" endtime="20200821 16:31:01.146"></status>
</suite>
<status status="PASS" starttime="20200821 16:30:47.248" endtime="20200821 16:31:01.149"></status>
</suite>
<statistics>
<total>
<stat pass="4" fail="0">Critical Tests</stat>
<stat pass="4" fail="0">All Tests</stat>
</total>
<tag>
</tag>
<suite>
<stat pass="4" fail="0" id="s1" name="RobotProject1">RobotProject1</stat>
<stat pass="4" fail="0" id="s1-s1" name="Test">RobotProject1.Test</stat>
<stat pass="4" fail="0" id="s1-s1-s1" name="Amazon Example 2">RobotProject1.Test.Amazon Example 2</stat>
</suite>
</statistics>
<errors>
</errors>
</robot>
